<?xml version="1.0" encoding="UTF-8"?>
<!-- Generated by org.testng.reporters.JUnitReportReporter -->
<testsuite hostname="admin-PC" failures="0" tests="1" name="basic.GetIncidentSysID" time="7.938" errors="0" timestamp="28 Dec 2019 05:38:18 GMT" skipped="0">
  <testcase classname="basic.GetIncidentSysID" name="getAllIncidents" time="7.938"/>
</testsuite> <!-- basic.GetIncidentSysID -->
