<?xml version="1.0" encoding="UTF-8"?>
<!-- Generated by org.testng.reporters.JUnitReportReporter -->
<testsuite hostname="admin-PC" failures="0" tests="1" name="basic.GetIncidentsXml" time="19.693" errors="0" timestamp="28 Dec 2019 07:37:43 GMT" skipped="0">
  <testcase classname="basic.GetIncidentsXml" name="getAllIncidents" time="19.693"/>
</testsuite> <!-- basic.GetIncidentsXml -->
