<?xml version="1.0" encoding="UTF-8"?>
<!-- Generated by org.testng.reporters.JUnitReportReporter -->
<testsuite hostname="admin-PC" failures="0" tests="1" name="basic2.CreateChangerequest" time="6.780" errors="0" timestamp="29 Dec 2019 06:30:06 GMT" skipped="0">
  <testcase classname="basic2.CreateChangerequest" name="createChange" time="6.780"/>
</testsuite> <!-- basic2.CreateChangerequest -->
