<?xml version="1.0" encoding="UTF-8"?>
<!-- Generated by org.testng.reporters.JUnitReportReporter -->
<testsuite hostname="admin-PC" failures="0" tests="1" name="basic.CreateChangerequest" time="8.202" errors="0" timestamp="28 Dec 2019 07:40:44 GMT" skipped="0">
  <testcase classname="basic.CreateChangerequest" name="createChange" time="8.202"/>
</testsuite> <!-- basic.CreateChangerequest -->
