<?xml version="1.0" encoding="UTF-8"?>
<!-- Generated by org.testng.reporters.JUnitReportReporter -->
<testsuite hostname="admin-PC" failures="0" tests="1" name="jira.GetAllisue" time="4.157" errors="0" timestamp="29 Dec 2019 04:55:55 GMT" skipped="0">
  <testcase classname="jira.GetAllisue" name="getAllIssues" time="4.157"/>
</testsuite> <!-- jira.GetAllisue -->
