<?xml version="1.0" encoding="UTF-8"?>
<!-- Generated by org.testng.reporters.JUnitReportReporter -->
<testsuite hostname="admin-PC" failures="0" tests="1" name="basic.CreateChangerequestOauth2" time="5.552" errors="0" timestamp="29 Dec 2019 05:47:01 GMT" skipped="0">
  <testcase classname="basic.CreateChangerequestOauth2" name="createChange" time="5.552"/>
</testsuite> <!-- basic.CreateChangerequestOauth2 -->
