<?xml version="1.0" encoding="UTF-8"?>
<!-- Generated by org.testng.reporters.JUnitReportReporter -->
<testsuite hostname="admin-PC" failures="0" tests="2" name="basic.CreateChangerequestusingDataProvider" time="12.442" errors="0" timestamp="29 Dec 2019 04:48:00 GMT" skipped="0">
  <testcase classname="basic.CreateChangerequestusingDataProvider" name="createChange" time="5.021"/>
  <testcase classname="basic.CreateChangerequestusingDataProvider" name="createChange" time="7.421"/>
</testsuite> <!-- basic.CreateChangerequestusingDataProvider -->
