<?xml version="1.0" encoding="UTF-8"?>
<!-- Generated by org.testng.reporters.JUnitReportReporter -->
<testsuite hostname="admin-PC" failures="0" tests="1" name="basic.GetIncidents" time="6.470" errors="0" timestamp="28 Dec 2019 05:15:42 GMT" skipped="0">
  <testcase classname="basic.GetIncidents" name="getAllIncidents" time="6.470"/>
</testsuite> <!-- basic.GetIncidents -->
